# JRE version: OpenJDK Runtime Environment (11.0.12+7) (build 11.0.12+7-b1504.28-7817840)
# Java VM: OpenJDK 64-Bit Server VM (11.0.12+7-b1504.28-7817840, mixed mode, tiered, compressed oops, g1 gc, windows-amd64)
Heap:
 garbage-first heap   total 253952K, used 133823K [0x0000000080000000, 0x0000000100000000)
  region size 1024K, 80 young (81920K), 11 survivors (11264K)
 Metaspace       used 85003K, capacity 87283K, committed 87580K, reserved 1124352K
  class space    used 11042K, capacity 11926K, committed 11980K, reserved 1048576K
GC Heap History (18 events):
Event: 0.955 GC heap before
{Heap before GC invocations=0 (full 0):
 garbage-first heap   total 253952K, used 29696K [0x0000000080000000, 0x0000000100000000)
  region size 1024K, 24 young (24576K), 0 survivors (0K)
 Metaspace       used 9182K, capacity 9370K, committed 9472K, reserved 1058816K
  class space    used 887K, capacity 935K, committed 1024K, reserved 1048576K
}
Event: 0.959 GC heap after
{Heap after GC invocations=1 (full 0):
 garbage-first heap   total 253952K, used 9212K [0x0000000080000000, 0x0000000100000000)
  region size 1024K, 3 young (3072K), 3 survivors (3072K)
 Metaspace       used 9182K, capacity 9370K, committed 9472K, reserved 1058816K
  class space    used 887K, capacity 935K, committed 1024K, reserved 1048576K
}
Event: 3.596 GC heap before
{Heap before GC invocations=1 (full 0):
 garbage-first heap   total 253952K, used 132092K [0x0000000080000000, 0x0000000100000000)
  region size 1024K, 124 young (126976K), 3 survivors (3072K)
 Metaspace       used 20782K, capacity 21233K, committed 21296K, reserved 1069056K
  class space    used 2539K, capacity 2680K, committed 2688K, reserved 1048576K
}
Event: 3.605 GC heap after
{Heap after GC invocations=2 (full 0):
 garbage-first heap   total 253952K, used 17130K [0x0000000080000000, 0x0000000100000000)
  region size 1024K, 11 young (11264K), 11 survivors (11264K)
 Metaspace       used 20782K, capacity 21233K, committed 21296K, reserved 1069056K
  class space    used 2539K, capacity 2680K, committed 2688K, reserved 1048576K
}
Event: 4.139 GC heap before
{Heap before GC invocations=3 (full 0):
 garbage-first heap   total 253952K, used 63210K [0x0000000080000000, 0x0000000100000000)
  region size 1024K, 56 young (57344K), 11 survivors (11264K)
 Metaspace       used 25126K, capacity 25807K, committed 25904K, reserved 1071104K
  class space    used 3201K, capacity 3422K, committed 3456K, reserved 1048576K
}
Event: 4.144 GC heap after
{Heap after GC invocations=4 (full 0):
 garbage-first heap   total 253952K, used 19268K [0x0000000080000000, 0x0000000100000000)
  region size 1024K, 2 young (2048K), 2 survivors (2048K)
 Metaspace       used 25126K, capacity 25807K, committed 25904K, reserved 1071104K
  class space    used 3201K, capacity 3422K, committed 3456K, reserved 1048576K
}
Event: 5.133 GC heap before
{Heap before GC invocations=4 (full 0):
 garbage-first heap   total 253952K, used 96068K [0x0000000080000000, 0x0000000100000000)
  region size 1024K, 78 young (79872K), 2 survivors (2048K)
 Metaspace       used 35067K, capacity 35842K, committed 35920K, reserved 1081344K
  class space    used 4521K, capacity 4839K, committed 4864K, reserved 1048576K
}
Event: 5.140 GC heap after
{Heap after GC invocations=5 (full 0):
 garbage-first heap   total 253952K, used 22650K [0x0000000080000000, 0x0000000100000000)
  region size 1024K, 6 young (6144K), 6 survivors (6144K)
 Metaspace       used 35067K, capacity 35842K, committed 35920K, reserved 1081344K
  class space    used 4521K, capacity 4839K, committed 4864K, reserved 1048576K
}
Event: 6.747 GC heap before
{Heap before GC invocations=6 (full 0):
 garbage-first heap   total 253952K, used 146554K [0x0000000080000000, 0x0000000100000000)
  region size 1024K, 124 young (126976K), 6 survivors (6144K)
 Metaspace       used 45083K, capacity 46060K, committed 46236K, reserved 1089536K
  class space    used 5783K, capacity 6163K, committed 6220K, reserved 1048576K
}
Event: 6.757 GC heap after
{Heap after GC invocations=7 (full 0):
 garbage-first heap   total 253952K, used 30081K [0x0000000080000000, 0x0000000100000000)
  region size 1024K, 13 young (13312K), 13 survivors (13312K)
 Metaspace       used 45083K, capacity 46060K, committed 46236K, reserved 1089536K
  class space    used 5783K, capacity 6163K, committed 6220K, reserved 1048576K
}
Event: 9.063 GC heap before
{Heap before GC invocations=7 (full 0):
 garbage-first heap   total 253952K, used 160129K [0x0000000080000000, 0x0000000100000000)
  region size 1024K, 137 young (140288K), 13 survivors (13312K)
 Metaspace       used 52033K, capacity 53412K, committed 53660K, reserved 1095680K
  class space    used 6617K, capacity 7124K, committed 7244K, reserved 1048576K
}
Event: 9.072 GC heap after
{Heap after GC invocations=8 (full 0):
 garbage-first heap   total 253952K, used 44687K [0x0000000080000000, 0x0000000100000000)
  region size 1024K, 18 young (18432K), 18 survivors (18432K)
 Metaspace       used 52033K, capacity 53412K, committed 53660K, reserved 1095680K
  class space    used 6617K, capacity 7124K, committed 7244K, reserved 1048576K
}
Event: 9.804 GC heap before
{Heap before GC invocations=8 (full 0):
 garbage-first heap   total 253952K, used 89743K [0x0000000080000000, 0x0000000100000000)
  region size 1024K, 63 young (64512K), 18 survivors (18432K)
 Metaspace       used 58864K, capacity 60195K, committed 60316K, reserved 1101824K
  class space    used 7390K, capacity 7908K, committed 8012K, reserved 1048576K
}
Event: 9.819 GC heap after
{Heap after GC invocations=9 (full 0):
 garbage-first heap   total 253952K, used 47016K [0x0000000080000000, 0x0000000100000000)
  region size 1024K, 3 young (3072K), 3 survivors (3072K)
 Metaspace       used 58864K, capacity 60195K, committed 60316K, reserved 1101824K
  class space    used 7390K, capacity 7908K, committed 8012K, reserved 1048576K
}
Event: 11.282 GC heap before
{Heap before GC invocations=10 (full 0):
 garbage-first heap   total 253952K, used 176040K [0x0000000080000000, 0x0000000100000000)
  region size 1024K, 129 young (132096K), 3 survivors (3072K)
 Metaspace       used 68647K, capacity 70296K, committed 70428K, reserved 1110016K
  class space    used 8669K, capacity 9296K, committed 9420K, reserved 1048576K
}
Event: 11.287 GC heap after
{Heap after GC invocations=11 (full 0):
 garbage-first heap   total 253952K, used 54997K [0x0000000080000000, 0x0000000100000000)
  region size 1024K, 11 young (11264K), 11 survivors (11264K)
 Metaspace       used 68647K, capacity 70296K, committed 70428K, reserved 1110016K
  class space    used 8669K, capacity 9296K, committed 9420K, reserved 1048576K
}
Event: 12.797 GC heap before
{Heap before GC invocations=11 (full 0):
 garbage-first heap   total 253952K, used 180949K [0x0000000080000000, 0x0000000100000000)
  region size 1024K, 135 young (138240K), 11 survivors (11264K)
 Metaspace       used 81203K, capacity 83070K, committed 83356K, reserved 1122304K
  class space    used 10504K, capacity 11208K, committed 11340K, reserved 1048576K
}
Event: 12.807 GC heap after
{Heap after GC invocations=12 (full 0):
 garbage-first heap   total 253952K, used 65215K [0x0000000080000000, 0x0000000100000000)
  region size 1024K, 11 young (11264K), 11 survivors (11264K)
 Metaspace       used 81203K, capacity 83070K, committed 83356K, reserved 1122304K
  class space    used 10504K, capacity 11208K, committed 11340K, reserved 1048576K
}

